<?xml version="1.0" encoding="UTF-8"?>
<!-- Generated by org.testng.reporters.JUnitReportReporter -->
<testsuite skipped="0" hostname="LAPTOP-D0FGM306" name="week7.day2.testcase.CreateLeadTestcase" tests="1" failures="0" timestamp="2023-02-25T18:49:56 IST" time="25.463" errors="0">
  <testcase name="runCreateLeadTestcase" time="25.463" classname="week7.day2.testcase.CreateLeadTestcase"/>
  <system-out/>
</testsuite> <!-- week7.day2.testcase.CreateLeadTestcase -->
